2016-07-22 14:01:50,980 DEBUG Command line options: IP=192.168.10.200, -p=1, -c=provision, -x=, -g=E500_VoLTE_AKE_DEBUG, -t= -r=LTE
2016-07-22 14:01:50,980 INFO Uploading perl provisioning script
2016-07-22 14:01:50,994 DEBUG Uploading file: TM500.pl
2016-07-22 14:01:51,010 DEBUG Uploading file: TM500.xml
2016-07-22 14:01:51,010 INFO Provisioning files uploaded
2016-07-22 14:01:51,010 INFO Starting to generate provisioning configuration (XML)
2016-07-22 14:01:51,417 DEBUG Sending command: chmod 0777 TM500.pl
2016-07-22 14:01:51,480 DEBUG Sending command: perl TM500.pl TM500.xml 1 E500_VoLTE_AKE_DEBUG LTE > E500_VoLTE_AKE_DEBUG.xml
2016-07-22 14:02:02,247 DEBUG From diversifEye:
cli@diversifEye:~$ chmod 0777 TM500.pl
cli@diversifEye:~$ perl TM500.pl TM500.xml 1 E500_VoLTE_AKE_DEBUG LTE > E500_<00.pl TM500.xml 1 E500_VoLTE_AKE_DEBUG LTE > E500_VoLTE_AKE_DEBUG.xml
Info: Core-Edge configuration detected
warning: configured DiversifEye type (500) does not match detected chassis type (1000), no corrections applied, configuring d1000 as a d500.
Interfaces assigned to this partition / user (1) are 10,20,30,40.
Configuration Parsed, Starting to Generate Test Group: E500_VoLTE_AKE_DEBUG, RAT Type: LTE, Using Reduce: 1, Using Scaled Entities: 0, diversifEye version: 11.4, chassis type: 500 ...
Generating RTSP Port Profiles ...
Generating TCP Characteristics ...
Generating Streaming Profiles ...
Generating VoIP Codecs ...
Generating RTSP Codecs ...
Generating VoIP Stream Profiles ...
Generating RTSP Stream Profiles ...
Generating Adaptive Change Lists ...
Generating FTP Request Lists ...
Generating FTP Resource Lists ...
Generating VoIP Call Lists ...
Generating SMS Message Lists ...
Generating PPPoE Hosts per UE per PDN ...
Generating Server Applications ...
Generating HTTP Server Applications on PPPoE Hosts ...
Generating Teraflow Server Applications on PPPoE Hosts ...
Generating Client Applications ...
Generating VoIP (and VoIMS) Applications...
Generating Thresholds ...
Global Settings
Generation of Test Group Complete
cli@diversifEye:~$ 
2016-07-22 14:02:02,247 INFO Provisioning configuration (XML) generated
2016-07-22 14:02:02,247 INFO Checking if the test group already exists
2016-07-22 14:02:02,638 DEBUG Sending command: cli -u tm500 -p 1 listTestGroups | grep -c E500_VoLTE_AKE_DEBUG
2016-07-22 14:02:02,779 DEBUG From diversifEye:
cli@diversifEye:~$ cli -u tm500 -p 1 listTestGroups | grep -c E500_VoLTE_AKE_<m500 -p 1 listTestGroups | grep -c E500_VoLTE_AKE_DEBUG
0
cli@diversifEye:~$ 
2016-07-22 14:02:02,779 INFO Importing provisioing configuration (XML) file
2016-07-22 14:02:03,170 DEBUG Sending command: cli -u tm500 -p 1 importTestGroup // E500_VoLTE_AKE_DEBUG.xml
2016-07-22 14:02:11,766 DEBUG From diversifEye:
cli@diversifEye:~$ cli -u tm500 -p 1 importTestGroup // E500_VoLTE_AKE_DEBUG.<m500 -p 1 importTestGroup // E500_VoLTE_AKE_DEBUG.xml
Importing from XML file:/home/cli/E500_VoLTE_AKE_DEBUG.xml
Parsing contents of XML file...
Checking structure of XML file...
Importing contents of XML file...
Processing Aggregate Groups
Processing Hosts
Optimizing Hosts
Processing Applications
Optimizing Applications
Processing Thresholds
Import Complete.
cli@diversifEye:~$ 
2016-07-22 14:02:11,766 INFO Finished
